<?xml version="1.0" encoding="UTF-8"?>
<testng-results ignored="0" total="1" passed="1" failed="0" skipped="0">
  <reporter-output>
  </reporter-output>
  <suite started-at="2025-01-17T02:22:01 EET" name="Default suite" finished-at="2025-01-17T02:25:02 EET" duration-ms="180784">
    <groups>
      <group name="cucumber">
        <method signature="AbstractTestNGCucumberTests.runScenario(io.cucumber.testng.PickleWrapper,io.cucumber.testng.FeatureWrapper)[pri:0, instance:Runner.TestRunner@10aa41f2]" name="runScenario" class="io.cucumber.testng.AbstractTestNGCucumberTests"/>
      </group> <!-- cucumber -->
    </groups>
    <test started-at="2025-01-17T02:22:01 EET" name="Default test" finished-at="2025-01-17T02:25:02 EET" duration-ms="180784">
      <class name="Runner.TestRunner">
        <test-method is-config="true" signature="setUpClass(org.testng.ITestContext)[pri:0, instance:Runner.TestRunner@10aa41f2]" started-at="2025-01-17T02:22:01 EET" name="setUpClass" finished-at="2025-01-17T02:22:02 EET" duration-ms="715" status="PASS">
          <params>
            <param index="0">
              <value>
                <![CDATA[org.testng.TestRunner@6614289a]]>
              </value>
            </param>
          </params>
          <reporter-output>
          </reporter-output>
        </test-method> <!-- setUpClass -->
        <test-method signature="runScenario(io.cucumber.testng.PickleWrapper,io.cucumber.testng.FeatureWrapper)[pri:0, instance:Runner.TestRunner@10aa41f2]" started-at="2025-01-17T02:22:02 EET" name="runScenario" description="Runs Cucumber Scenarios" data-provider="scenarios" finished-at="2025-01-17T02:25:00 EET" duration-ms="178440" status="PASS">
          <params>
            <param index="0">
              <value>
                <![CDATA["The User Can Apply for Approval of Annual Activities and Programs Request And The Request is approved Successfully"]]>
              </value>
            </param>
            <param index="1">
              <value>
                <![CDATA["Reducing Educational Stages Request"]]>
              </value>
            </param>
          </params>
          <reporter-output>
          </reporter-output>
        </test-method> <!-- runScenario -->
        <test-method is-config="true" signature="tearDownClass()[pri:0, instance:Runner.TestRunner@10aa41f2]" started-at="2025-01-17T02:25:00 EET" name="tearDownClass" finished-at="2025-01-17T02:25:02 EET" duration-ms="1573" status="PASS">
          <reporter-output>
          </reporter-output>
        </test-method> <!-- tearDownClass -->
      </class> <!-- Runner.TestRunner -->
    </test> <!-- Default test -->
  </suite> <!-- Default suite -->
</testng-results>
