<?xml version="1.0" encoding="UTF-8"?>
<!-- Generated by org.testng.reporters.JUnitReportReporter -->
<testsuite hostname="Fatma" failures="0" tests="1" name="Runner.TestRunner" time="10.181" errors="1" timestamp="2025-12-14T17:18:21 EET" skipped="0">
  <testcase classname="Runner.TestRunner" name="runScenario" time="10.181">
    <error message="Element &lt;span&gt; could not be scrolled into view
Build info: version: &#039;4.28.1&#039;, revision: &#039;73f5ad48a2&#039;
System info: os.name: &#039;Windows 11&#039;, os.arch: &#039;amd64&#039;, os.version: &#039;10.0&#039;, java.version: &#039;21.0.4&#039;
Driver info: org.openqa.selenium.firefox.FirefoxDriver
Command: [aeddf1d2-1d5a-4696-bbde-e3126add0e9b, clickElement {id=d67ff3e4-de36-462c-92fb-eaa06a84d4c2}]
Capabilities {acceptInsecureCerts: true, browserName: firefox, browserVersion: 146.0, moz:accessibilityChecks: false, moz:buildID: 20251205151434, moz:geckodriverVersion: 0.36.0, moz:headless: false, moz:platformVersion: 10.0, moz:processID: 10872, moz:profile: C:\Users\Fatma\AppData\Loca..., moz:shutdownTimeout: 60000, moz:webdriverClick: true, moz:windowless: false, pageLoadStrategy: normal, platformName: windows, proxy: Proxy(), setWindowRect: true, strictFileInteractability: false, timeouts: {implicit: 0, pageLoad: 300000, script: 30000}, unhandledPromptBehavior: dismiss and notify, userAgent: Mozilla/5.0 (Windows NT 10....}
Element: [[FirefoxDriver: firefox on windows (aeddf1d2-1d5a-4696-bbde-e3126add0e9b)] -&gt; xpath: //span[normalize-space()=&#039;Services&#039;]]
Session ID: aeddf1d2-1d5a-4696-bbde-e3126add0e9b" type="org.openqa.selenium.ElementNotInteractableException">
      <![CDATA[org.openqa.selenium.ElementNotInteractableException: Element <span> could not be scrolled into view
Build info: version: '4.28.1', revision: '73f5ad48a2'
System info: os.name: 'Windows 11', os.arch: 'amd64', os.version: '10.0', java.version: '21.0.4'
Driver info: org.openqa.selenium.firefox.FirefoxDriver
Command: [aeddf1d2-1d5a-4696-bbde-e3126add0e9b, clickElement {id=d67ff3e4-de36-462c-92fb-eaa06a84d4c2}]
Capabilities {acceptInsecureCerts: true, browserName: firefox, browserVersion: 146.0, moz:accessibilityChecks: false, moz:buildID: 20251205151434, moz:geckodriverVersion: 0.36.0, moz:headless: false, moz:platformVersion: 10.0, moz:processID: 10872, moz:profile: C:\Users\Fatma\AppData\Loca..., moz:shutdownTimeout: 60000, moz:webdriverClick: true, moz:windowless: false, pageLoadStrategy: normal, platformName: windows, proxy: Proxy(), setWindowRect: true, strictFileInteractability: false, timeouts: {implicit: 0, pageLoad: 300000, script: 30000}, unhandledPromptBehavior: dismiss and notify, userAgent: Mozilla/5.0 (Windows NT 10....}
Element: [[FirefoxDriver: firefox on windows (aeddf1d2-1d5a-4696-bbde-e3126add0e9b)] -> xpath: //span[normalize-space()='Services']]
Session ID: aeddf1d2-1d5a-4696-bbde-e3126add0e9b
at java.base/jdk.internal.reflect.DirectConstructorHandleAccessor.newInstance(DirectConstructorHandleAccessor.java:62)
at java.base/java.lang.reflect.Constructor.newInstanceWithCaller(Constructor.java:502)
at java.base/java.lang.reflect.Constructor.newInstance(Constructor.java:486)
at org.openqa.selenium.remote.ErrorCodec.decode(ErrorCodec.java:167)
at org.openqa.selenium.remote.codec.w3c.W3CHttpResponseCodec.decode(W3CHttpResponseCodec.java:138)
at org.openqa.selenium.remote.codec.w3c.W3CHttpResponseCodec.decode(W3CHttpResponseCodec.java:50)
at org.openqa.selenium.remote.HttpCommandExecutor.execute(HttpCommandExecutor.java:215)
at org.openqa.selenium.remote.service.DriverCommandExecutor.invokeExecute(DriverCommandExecutor.java:216)
at org.openqa.selenium.remote.service.DriverCommandExecutor.execute(DriverCommandExecutor.java:174)
at org.openqa.selenium.remote.RemoteWebDriver.execute(RemoteWebDriver.java:545)
at org.openqa.selenium.remote.RemoteWebElement.execute(RemoteWebElement.java:223)
at org.openqa.selenium.remote.RemoteWebElement.click(RemoteWebElement.java:76)
at java.base/jdk.internal.reflect.DirectMethodHandleAccessor.invoke(DirectMethodHandleAccessor.java:103)
at java.base/java.lang.reflect.Method.invoke(Method.java:580)
at org.openqa.selenium.support.pagefactory.internal.LocatingElementHandler.invoke(LocatingElementHandler.java:51)
at jdk.proxy2/jdk.proxy2.$Proxy27.click(Unknown Source)
at UserPortalPagesActions.UserWorkspacePageActions.clickonSideMenu_Services_link(UserWorkspacePageActions.java:47)
at Definitions.TheApplicantHasanApprovedInitiaapprovalrequestDefinition_InitialApproval.the_applicant_has_an_approved_initial_approval_request(TheApplicantHasanApprovedInitiaapprovalrequestDefinition_InitialApproval.java:31)
at ✽.The Applicant Has an Approved Initial approval request(file:///C:/Users/Fatma/git/repository/BDD_APECO/./src/main/resources/Features/ReducingEducationalStages2.feature:8)
]]>
    </error>
  </testcase> <!-- runScenario -->
</testsuite> <!-- Runner.TestRunner -->
